<component name="test.realtime.server.contrib">

    <require>org.nuxeo.ecm.platform.realtime.edit.etherpad.service</require>
    
    <extension target="org.nuxeo.ecm.platform.realtime.edit.etherpad.service" 
        point="EtherpadServers">
     
		<EtherpadServer name="server_1" enabled="true">
			<displayType>display_type</displayType>
			<params>
				<param name="param1">value1</param>		
				<param name="param2">value2</param>		
			</params>
		</EtherpadServer>
   
    </extension>

</component>